<?xml version="1.0" encoding="UTF-8"?>
<testng-results ignored="0" total="1" passed="1" failed="0" skipped="0">
  <reporter-output>
  </reporter-output>
  <suite started-at="2021-03-29T09:53:11 IST" name="Suite" finished-at="2021-03-29T09:53:16 IST" duration-ms="4627">
    <groups>
    </groups>
    <test started-at="2021-03-29T09:53:11 IST" name="Test" finished-at="2021-03-29T09:53:16 IST" duration-ms="4627">
      <class name="SBG_Selenium.SBG.Browser_Launch">
        <test-method signature="Browser_Config()[pri:0, instance:SBG_Selenium.SBG.Browser_Launch@52102734]" started-at="2021-03-29T09:53:11 IST" name="Browser_Config" finished-at="2021-03-29T09:53:16 IST" duration-ms="4604" status="PASS">
          <reporter-output>
          </reporter-output>
        </test-method> <!-- Browser_Config -->
      </class> <!-- SBG_Selenium.SBG.Browser_Launch -->
    </test> <!-- Test -->
  </suite> <!-- Suite -->
</testng-results>
